<?xml version="1.0" ?>
<!DOCTYPE coverage SYSTEM "http://cobertura.sourceforge.net/xml/coverage-04.dtd">
<coverage lines-valid="3" lines-covered="3" line-rate="1" branches-valid="2" branches-covered="1" branch-rate="0.5" timestamp="1604870975223" complexity="0" version="0.1">
  <sources>
    <source>C:\Users\Jack\git\FixitReactNative</source>
  </sources>
  <packages>
    <class name="App.tsx" filename="App.tsx" line-rate="1" branch-rate="0.5">
      <methods>
        <method name="(anonymous_0)" hits="1" signature="()V">
          <lines>
            <line number="31" hits="1"/>
          </lines>
        </method>
      </methods>
      <lines>
        <line number="31" hits="1" branch="false"/>
        <line number="32" hits="1" branch="false"/>
        <line number="79" hits="1" branch="false"/>
      </lines>
    </class>
  </packages>
</coverage>
